## Индексы PostgreSQL

##### 1. Создать индекс к какой-либо из таблиц вашей БД

Таблица

```
CREATE TABLE "hotel" (
  "id" bigserial PRIMARY KEY,
  "name" varchar(255) UNIQUE NOT NULL,
  "description" longtext,
  "rating" decimal,
  "country" varchar(255) NOT NULL,
  "city" varchar(255) NOT NULL,
  "address" varchar(255) UNIQUE NOT NULL,
  "phone" varchar(255) UNIQUE NOT NULL,
  "email" varchar(255) NOT NULL
);
```

Индекс

```
-- Индекс на тип компаний

CREATE INDEX idx_hotel_city ON hotel(city);
```

##### 2. Прислать текстом результат команды explain, в которой используется данный индекс

Без индекса

```
EXPLAIN (SELECT * FROM hotel WHERE city = 'Moscow');

Seq Scan on hotel  (cost=0.00..17.25 rows=3 width=112)
  Filter: ((city)::text = 'ООО'::text)

```

С индексом

```
EXPLAIN (SELECT * FROM hotel WHERE city = 'Moscow');

Seq Scan on hotel  (cost=0.00..1.04 rows=1 width=32)
  Filter: ((city)::text = 'ООО'::text)
```

##### 3. Реализовать индекс для полнотекстового поиска

Индекс для поиска по названиям компаний

```
CREATE INDEX idx_search_hotel_name ON hotel USING gin(to_tsvector('russian', name));
```

Использование

```
SELECT name 
FROM hotel 
WHERE hotel @@ 'Москв'
```

##### 4. Реализовать индекс на часть таблицы

Индекс для части таблицы - только для гостиниц в России

```
CREATE INDEX idx_hotel_country ON hotel(country) WHERE country = 'Russia';
```

##### 5. Создать индекс на несколько полей

Индекс на город и страну гостиницы

```
CREATE INDEX idx_hotel_city_country ON hotel(city, country);
```


